<?xml version="1.0" encoding="UTF-8"?>
<!-- Generated by org.testng.reporters.JUnitXMLReporter -->
<testsuite ignored="0" hostname="dell-PC" failures="1" tests="9" name="OperaTest" time="27.683" errors="0" timestamp="2022-02-21T12:44:51 IST">
  <testcase classname="test.TestClass" name="@AfterMethod afterMehtod" time="0.492">
    <failure type="java.io.FileNotFoundException" message="F:\FailTestCase\1022022\02\21 12 44 51.476\.jpg (The system cannot find the path specified)">
      <![CDATA[java.io.FileNotFoundException: F:\FailTestCase\1022022\02\21 12 44 51.476\.jpg (The system cannot find the path specified)
at java.base/java.io.FileOutputStream.open0(Native Method)
at java.base/java.io.FileOutputStream.open(FileOutputStream.java:292)
at java.base/java.io.FileOutputStream.<init>(FileOutputStream.java:235)
at java.base/java.io.FileOutputStream.<init>(FileOutputStream.java:185)
at org.openqa.selenium.io.FileHandler.copyFile(FileHandler.java:138)
at org.openqa.selenium.io.FileHandler.copy(FileHandler.java:117)
at uit.Utility.scrrenShots(Utility.java:21)
at test.TestClass.afterMehtod(TestClass.java:105)
at java.base/java.util.ArrayList.forEach(ArrayList.java:1540)
... Removed 32 stack frames]]>
    </failure>
  </testcase> <!-- @AfterMethod afterMehtod -->
  <testcase classname="test.TestClass" name="@AfterMethod afterMehtod" time="-1.645427691494E9">
    <skipped/>
  </testcase> <!-- @AfterMethod afterMehtod -->
  <testcase classname="test.TestClass" name="@AfterMethod afterMehtod" time="-1.645427691505E9">
    <skipped/>
  </testcase> <!-- @AfterMethod afterMehtod -->
  <testcase classname="test.TestClass" name="@AfterMethod afterMehtod" time="-1.645427691515E9">
    <skipped/>
  </testcase> <!-- @AfterMethod afterMehtod -->
  <testcase classname="test.TestClass" name="@AfterMethod afterMehtod" time="-1.645427691542E9">
    <skipped/>
  </testcase> <!-- @AfterMethod afterMehtod -->
  <testcase classname="test.TestClass" name="@AfterMethod afterMehtod" time="-1.645427691633E9">
    <skipped/>
  </testcase> <!-- @AfterMethod afterMehtod -->
  <testcase classname="test.TestClass" name="@AfterMethod afterMehtod" time="-1.645427691647E9">
    <skipped/>
  </testcase> <!-- @AfterMethod afterMehtod -->
  <testcase classname="test.TestClass" name="@AfterMethod afterMehtod" time="-1.645427691672E9">
    <skipped/>
  </testcase> <!-- @AfterMethod afterMehtod -->
  <testcase classname="test.TestClass" name="@AfterClass afterClass" time="-1.64542769168E9">
    <skipped/>
  </testcase> <!-- @AfterClass afterClass -->
  <testcase classname="test.TestClass" name="@AfterTest afterTest" time="-1.645427691685E9">
    <skipped/>
  </testcase> <!-- @AfterTest afterTest -->
  <testcase classname="test.TestClass" name="test1" time="0.182"/>
  <testcase classname="test.TestClass" name="test2" time="10.893">
    <failure type="java.lang.NullPointerException">
      <![CDATA[java.lang.NullPointerException
at test.TestClass.test2(TestClass.java:55)
at java.base/java.util.ArrayList.forEach(ArrayList.java:1540)
... Removed 27 stack frames]]>
    </failure>
  </testcase> <!-- test2 -->
  <testcase classname="test.TestClass" name="test3" time="0.0">
    <skipped/>
  </testcase> <!-- test3 -->
  <testcase classname="test.TestClass" name="test4" time="0.0">
    <skipped/>
  </testcase> <!-- test4 -->
  <testcase classname="test.TestClass" name="test5" time="0.0">
    <skipped/>
  </testcase> <!-- test5 -->
  <testcase classname="test.TestClass" name="test6" time="0.0">
    <skipped/>
  </testcase> <!-- test6 -->
  <testcase classname="test.TestClass" name="test7" time="0.0">
    <skipped/>
  </testcase> <!-- test7 -->
  <testcase classname="test.TestClass" name="test8" time="0.0">
    <skipped/>
  </testcase> <!-- test8 -->
  <testcase classname="test.TestClass" name="test9" time="0.0">
    <skipped/>
  </testcase> <!-- test9 -->
</testsuite> <!-- OperaTest -->
